<?xml version="1.0" encoding="utf-8"?><testsuites><testsuite name="pytest" errors="0" failures="0" skipped="1" tests="4" time="27.394" timestamp="2022-08-02T17:14:22.021401" hostname="DESKTOP-4307UG1"><testcase classname="test_mainclass.TestShopping" name="test_product_select_verify" time="0.001"><skipped type="pytest.skip" message="unconditional skip">C:\Users\dines\OneDrive\Documents\MyPythonProject\PycharmProjects\PycharmProjects\pythonProject2\E2E_Framework\test_mainclass.py:9: unconditional skip</skipped></testcase><testcase classname="test_practicemainclass.TestPracticeMainClass" name="test_dropDownValidation" time="18.199" /><testcase classname="test_practicemainclass.TestPracticeMainClass" name="test_startHereLink" time="1.875" /><testcase classname="test_practicemainclass.TestPracticeMainClass" name="test_createAccount[get_createAccount_data0]" time="7.195" /></testsuite></testsuites>